<?xml version="1.0" encoding="UTF-8"?>
<!-- Generated by org.testng.reporters.JUnitXMLReporter -->
<testsuite ignored="0" hostname="Matron5-PC" failures="0" tests="6" name="Default test" time="16.832" errors="0" timestamp="01 Feb 2019 05:27:34 GMT">
  <testcase classname="com.registration.RegTest" name="VerifyingLoginDetailsTest" time="0.365"/>
  <testcase classname="com.registration.RegTest" name="VerifyingLoginDetailsTest" time="0.4"/>
  <testcase classname="com.registration.RegTest" name="VerifyingLoginDetailsTest" time="0.42"/>
  <testcase classname="com.registration.RegTest" name="VerifyingLoginDetailsTest" time="0.925"/>
  <testcase classname="com.registration.RegTest" name="VerifyingRegistrationDetailsTest" time="4.223"/>
  <testcase classname="com.registration.RegTest" name="VerifyingSearchRegDetailsTest" time="1.09"/>
</testsuite> <!-- Default test -->
